nohup: ignoring input
Unhandled rejection Error: ETELEGRAM: 400 Bad Request: wrong remote file identifier specified: Wrong character in the string
    at /root/tg-leadbot-ao/node_modules/node-telegram-bot-api/src/telegram.js:316:15
    at tryCatcher (/root/tg-leadbot-ao/node_modules/bluebird/js/release/util.js:16:23)
    at Promise._settlePromiseFromHandler (/root/tg-leadbot-ao/node_modules/bluebird/js/release/promise.js:547:31)
    at Promise._settlePromise (/root/tg-leadbot-ao/node_modules/bluebird/js/release/promise.js:604:18)
    at Promise._settlePromise0 (/root/tg-leadbot-ao/node_modules/bluebird/js/release/promise.js:649:10)
    at Promise._settlePromises (/root/tg-leadbot-ao/node_modules/bluebird/js/release/promise.js:729:18)
    at _drainQueueStep (/root/tg-leadbot-ao/node_modules/bluebird/js/release/async.js:93:12)
    at _drainQueue (/root/tg-leadbot-ao/node_modules/bluebird/js/release/async.js:86:9)
    at Async._drainQueues (/root/tg-leadbot-ao/node_modules/bluebird/js/release/async.js:102:5)
    at Async.drainQueues (/root/tg-leadbot-ao/node_modules/bluebird/js/release/async.js:15:14)
    at process.processImmediate (node:internal/timers:485:21)
Unhandled rejection Error: ETELEGRAM: 400 Bad Request: can't parse entities: Can't find end of the entity starting at byte offset 15
    at /root/tg-leadbot-ao/node_modules/node-telegram-bot-api/src/telegram.js:316:15
    at tryCatcher (/root/tg-leadbot-ao/node_modules/bluebird/js/release/util.js:16:23)
    at Promise._settlePromiseFromHandler (/root/tg-leadbot-ao/node_modules/bluebird/js/release/promise.js:547:31)
    at Promise._settlePromise (/root/tg-leadbot-ao/node_modules/bluebird/js/release/promise.js:604:18)
    at Promise._settlePromise0 (/root/tg-leadbot-ao/node_modules/bluebird/js/release/promise.js:649:10)
    at Promise._settlePromises (/root/tg-leadbot-ao/node_modules/bluebird/js/release/promise.js:729:18)
    at _drainQueueStep (/root/tg-leadbot-ao/node_modules/bluebird/js/release/async.js:93:12)
    at _drainQueue (/root/tg-leadbot-ao/node_modules/bluebird/js/release/async.js:86:9)
    at Async._drainQueues (/root/tg-leadbot-ao/node_modules/bluebird/js/release/async.js:102:5)
    at Async.drainQueues (/root/tg-leadbot-ao/node_modules/bluebird/js/release/async.js:15:14)
    at process.processImmediate (node:internal/timers:485:21)
Unhandled rejection Error: ETELEGRAM: 400 Bad Request: can't parse entities: Can't find end of the entity starting at byte offset 15
    at /root/tg-leadbot-ao/node_modules/node-telegram-bot-api/src/telegram.js:316:15
    at tryCatcher (/root/tg-leadbot-ao/node_modules/bluebird/js/release/util.js:16:23)
    at Promise._settlePromiseFromHandler (/root/tg-leadbot-ao/node_modules/bluebird/js/release/promise.js:547:31)
    at Promise._settlePromise (/root/tg-leadbot-ao/node_modules/bluebird/js/release/promise.js:604:18)
    at Promise._settlePromise0 (/root/tg-leadbot-ao/node_modules/bluebird/js/release/promise.js:649:10)
    at Promise._settlePromises (/root/tg-leadbot-ao/node_modules/bluebird/js/release/promise.js:729:18)
    at _drainQueueStep (/root/tg-leadbot-ao/node_modules/bluebird/js/release/async.js:93:12)
    at _drainQueue (/root/tg-leadbot-ao/node_modules/bluebird/js/release/async.js:86:9)
    at Async._drainQueues (/root/tg-leadbot-ao/node_modules/bluebird/js/release/async.js:102:5)
    at Async.drainQueues (/root/tg-leadbot-ao/node_modules/bluebird/js/release/async.js:15:14)
    at process.processImmediate (node:internal/timers:485:21)
error: [polling_error] {"code":"ETELEGRAM","message":"ETELEGRAM: 409 Conflict: terminated by other getUpdates request; make sure that only one bot instance is running"}
error: [polling_error] {"code":"ETELEGRAM","message":"ETELEGRAM: 409 Conflict: terminated by other getUpdates request; make sure that only one bot instance is running"}
error: [polling_error] {"code":"ETELEGRAM","message":"ETELEGRAM: 409 Conflict: terminated by other getUpdates request; make sure that only one bot instance is running"}
error: [polling_error] {"code":"ETELEGRAM","message":"ETELEGRAM: 409 Conflict: terminated by other getUpdates request; make sure that only one bot instance is running"}
error: [polling_error] {"code":"ETELEGRAM","message":"ETELEGRAM: 409 Conflict: terminated by other getUpdates request; make sure that only one bot instance is running"}
error: [polling_error] {"code":"ETELEGRAM","message":"ETELEGRAM: 409 Conflict: terminated by other getUpdates request; make sure that only one bot instance is running"}
error: [polling_error] {"code":"ETELEGRAM","message":"ETELEGRAM: 409 Conflict: terminated by other getUpdates request; make sure that only one bot instance is running"}
error: [polling_error] {"code":"ETELEGRAM","message":"ETELEGRAM: 409 Conflict: terminated by other getUpdates request; make sure that only one bot instance is running"}
error: [polling_error] {"code":"ETELEGRAM","message":"ETELEGRAM: 409 Conflict: terminated by other getUpdates request; make sure that only one bot instance is running"}
error: [polling_error] {"code":"ETELEGRAM","message":"ETELEGRAM: 409 Conflict: terminated by other getUpdates request; make sure that only one bot instance is running"}
error: [polling_error] {"code":"ETELEGRAM","message":"ETELEGRAM: 409 Conflict: terminated by other getUpdates request; make sure that only one bot instance is running"}
error: [polling_error] {"code":"ETELEGRAM","message":"ETELEGRAM: 409 Conflict: terminated by other getUpdates request; make sure that only one bot instance is running"}
error: [polling_error] {"code":"ETELEGRAM","message":"ETELEGRAM: 409 Conflict: terminated by other getUpdates request; make sure that only one bot instance is running"}
error: [polling_error] {"code":"ETELEGRAM","message":"ETELEGRAM: 409 Conflict: terminated by other getUpdates request; make sure that only one bot instance is running"}
error: [polling_error] {"code":"ETELEGRAM","message":"ETELEGRAM: 409 Conflict: terminated by other getUpdates request; make sure that only one bot instance is running"}
error: [polling_error] {"code":"ETELEGRAM","message":"ETELEGRAM: 409 Conflict: terminated by other getUpdates request; make sure that only one bot instance is running"}
error: [polling_error] {"code":"ETELEGRAM","message":"ETELEGRAM: 409 Conflict: terminated by other getUpdates request; make sure that only one bot instance is running"}
error: [polling_error] {"code":"ETELEGRAM","message":"ETELEGRAM: 409 Conflict: terminated by other getUpdates request; make sure that only one bot instance is running"}
error: [polling_error] {"code":"ETELEGRAM","message":"ETELEGRAM: 409 Conflict: terminated by other getUpdates request; make sure that only one bot instance is running"}
error: [polling_error] {"code":"ETELEGRAM","message":"ETELEGRAM: 409 Conflict: terminated by other getUpdates request; make sure that only one bot instance is running"}
error: [polling_error] {"code":"ETELEGRAM","message":"ETELEGRAM: 409 Conflict: terminated by other getUpdates request; make sure that only one bot instance is running"}
Unhandled rejection Error: ETELEGRAM: 400 Bad Request: can't parse entities: Can't find end of the entity starting at byte offset 15
    at /root/tg-leadbot-ao/node_modules/node-telegram-bot-api/src/telegram.js:316:15
    at tryCatcher (/root/tg-leadbot-ao/node_modules/bluebird/js/release/util.js:16:23)
    at Promise._settlePromiseFromHandler (/root/tg-leadbot-ao/node_modules/bluebird/js/release/promise.js:547:31)
    at Promise._settlePromise (/root/tg-leadbot-ao/node_modules/bluebird/js/release/promise.js:604:18)
    at Promise._settlePromise0 (/root/tg-leadbot-ao/node_modules/bluebird/js/release/promise.js:649:10)
    at Promise._settlePromises (/root/tg-leadbot-ao/node_modules/bluebird/js/release/promise.js:729:18)
    at _drainQueueStep (/root/tg-leadbot-ao/node_modules/bluebird/js/release/async.js:93:12)
    at _drainQueue (/root/tg-leadbot-ao/node_modules/bluebird/js/release/async.js:86:9)
    at Async._drainQueues (/root/tg-leadbot-ao/node_modules/bluebird/js/release/async.js:102:5)
    at Async.drainQueues (/root/tg-leadbot-ao/node_modules/bluebird/js/release/async.js:15:14)
    at process.processImmediate (node:internal/timers:485:21)
error: [polling_error] {"code":"ETELEGRAM","message":"ETELEGRAM: 409 Conflict: terminated by other getUpdates request; make sure that only one bot instance is running"}
error: [polling_error] {"code":"ETELEGRAM","message":"ETELEGRAM: 409 Conflict: terminated by other getUpdates request; make sure that only one bot instance is running"}
error: [polling_error] {"code":"ETELEGRAM","message":"ETELEGRAM: 409 Conflict: terminated by other getUpdates request; make sure that only one bot instance is running"}
error: [polling_error] {"code":"ETELEGRAM","message":"ETELEGRAM: 409 Conflict: terminated by other getUpdates request; make sure that only one bot instance is running"}
error: [polling_error] {"code":"ETELEGRAM","message":"ETELEGRAM: 409 Conflict: terminated by other getUpdates request; make sure that only one bot instance is running"}
error: [polling_error] {"code":"ETELEGRAM","message":"ETELEGRAM: 409 Conflict: terminated by other getUpdates request; make sure that only one bot instance is running"}
error: [polling_error] {"code":"ETELEGRAM","message":"ETELEGRAM: 409 Conflict: terminated by other getUpdates request; make sure that only one bot instance is running"}
error: [polling_error] {"code":"ETELEGRAM","message":"ETELEGRAM: 409 Conflict: terminated by other getUpdates request; make sure that only one bot instance is running"}
error: [polling_error] {"code":"ETELEGRAM","message":"ETELEGRAM: 409 Conflict: terminated by other getUpdates request; make sure that only one bot instance is running"}
